
> w1ne-app@0.1.0 start
> react-scripts start --port 3000

(node:44535) [DEP_WEBPACK_DEV_SERVER_ON_AFTER_SETUP_MIDDLEWARE] DeprecationWarning: 'onAfterSetupMiddleware' option is deprecated. Please use the 'setupMiddlewares' option.
(Use `node --trace-deprecation ...` to show where the warning was created)
(node:44535) [DEP_WEBPACK_DEV_SERVER_ON_BEFORE_SETUP_MIDDLEWARE] DeprecationWarning: 'onBeforeSetupMiddleware' option is deprecated. Please use the 'setupMiddlewares' option.
Starting the development server...

Failed to compile.

[eslint]
src/App.js
Syntax error: Identifier 'seedInitialData' has already been declared. (1339:8) (1339:8)
ERROR in ./src/App.js
Module build failed (from ./node_modules/babel-loader/lib/index.js):
SyntaxError: /app/src/App.js: Identifier 'seedInitialData' has already been declared. (1339:8)

  1337 |   }
  1338 |
> 1339 |   const seedInitialData = useCallback(async () => {
       |         ^
  1340 |     // Check if we already have data for this region
  1341 |     const existing = await window.storage.list(`entity:${selectedRegion}:`);
  1342 |     if (existing && existing.keys && existing.keys.length > 0) {
    at constructor (/app/node_modules/@babel/parser/lib/index.js:365:19)
    at FlowParserMixin.raise (/app/node_modules/@babel/parser/lib/index.js:6599:19)
    at FlowScopeHandler.checkRedeclarationInScope (/app/node_modules/@babel/parser/lib/index.js:1619:19)
    at FlowScopeHandler.declareName (/app/node_modules/@babel/parser/lib/index.js:1585:12)
    at FlowScopeHandler.declareName (/app/node_modules/@babel/parser/lib/index.js:1686:11)
    at FlowParserMixin.declareNameFromIdentifier (/app/node_modules/@babel/parser/lib/index.js:7567:16)
    at FlowParserMixin.checkIdentifier (/app/node_modules/@babel/parser/lib/index.js:7563:12)
    at FlowParserMixin.checkLVal (/app/node_modules/@babel/parser/lib/index.js:7500:12)
    at FlowParserMixin.parseVarId (/app/node_modules/@babel/parser/lib/index.js:13402:10)
    at FlowParserMixin.parseVarId (/app/node_modules/@babel/parser/lib/index.js:3474:11)
    at FlowParserMixin.parseVar (/app/node_modules/@babel/parser/lib/index.js:13373:12)
    at FlowParserMixin.parseVarStatement (/app/node_modules/@babel/parser/lib/index.js:13220:10)
    at FlowParserMixin.parseStatementContent (/app/node_modules/@babel/parser/lib/index.js:12841:23)
    at FlowParserMixin.parseStatementLike (/app/node_modules/@babel/parser/lib/index.js:12757:17)
    at FlowParserMixin.parseStatementLike (/app/node_modules/@babel/parser/lib/index.js:2918:24)
    at FlowParserMixin.parseStatementListItem (/app/node_modules/@babel/parser/lib/index.js:12737:17)
    at FlowParserMixin.parseBlockOrModuleBlockBody (/app/node_modules/@babel/parser/lib/index.js:13306:61)
    at FlowParserMixin.parseBlockBody (/app/node_modules/@babel/parser/lib/index.js:13299:10)
    at FlowParserMixin.parseBlock (/app/node_modules/@babel/parser/lib/index.js:13287:10)
    at FlowParserMixin.parseFunctionBody (/app/node_modules/@babel/parser/lib/index.js:12090:24)
    at FlowParserMixin.parseFunctionBody (/app/node_modules/@babel/parser/lib/index.js:2895:11)
    at FlowParserMixin.parseFunctionBodyAndFinish (/app/node_modules/@babel/parser/lib/index.js:12076:10)
    at FlowParserMixin.parseFunctionBodyAndFinish (/app/node_modules/@babel/parser/lib/index.js:2903:18)
    at /app/node_modules/@babel/parser/lib/index.js:13435:12
    at FlowParserMixin.withSmartMixTopicForbiddingContext (/app/node_modules/@babel/parser/lib/index.js:12393:14)
    at FlowParserMixin.parseFunction (/app/node_modules/@babel/parser/lib/index.js:13434:10)
    at FlowParserMixin.parseFunctionStatement (/app/node_modules/@babel/parser/lib/index.js:13115:17)
    at FlowParserMixin.parseStatementContent (/app/node_modules/@babel/parser/lib/index.js:12781:21)
    at FlowParserMixin.parseStatementLike (/app/node_modules/@babel/parser/lib/index.js:12757:17)
    at FlowParserMixin.parseStatementLike (/app/node_modules/@babel/parser/lib/index.js:2918:24)
    at FlowParserMixin.parseModuleItem (/app/node_modules/@babel/parser/lib/index.js:12734:17)
    at FlowParserMixin.parseBlockOrModuleBlockBody (/app/node_modules/@babel/parser/lib/index.js:13306:36)
    at FlowParserMixin.parseBlockBody (/app/node_modules/@babel/parser/lib/index.js:13299:10)
    at FlowParserMixin.parseProgram (/app/node_modules/@babel/parser/lib/index.js:12612:10)
    at FlowParserMixin.parseTopLevel (/app/node_modules/@babel/parser/lib/index.js:12602:25)
    at FlowParserMixin.parseTopLevel (/app/node_modules/@babel/parser/lib/index.js:3685:28)
    at FlowParserMixin.parse (/app/node_modules/@babel/parser/lib/index.js:14478:25)
    at parse (/app/node_modules/@babel/parser/lib/index.js:14512:38)
    at parser (/app/node_modules/@babel/core/lib/parser/index.js:41:34)
    at parser.next (<anonymous>)
    at normalizeFile (/app/node_modules/@babel/core/lib/transformation/normalize-file.js:64:37)
    at normalizeFile.next (<anonymous>)
    at run (/app/node_modules/@babel/core/lib/transformation/index.js:22:50)
    at run.next (<anonymous>)
    at transform (/app/node_modules/@babel/core/lib/transform.js:22:33)
    at transform.next (<anonymous>)
    at step (/app/node_modules/gensync/index.js:261:32)
    at /app/node_modules/gensync/index.js:273:13
    at async.call.result.err.err (/app/node_modules/gensync/index.js:223:11)

ERROR in [eslint]
src/App.js
  Line 1339:8:  Parsing error: Identifier 'seedInitialData' has already been declared. (1339:8)

webpack compiled with 2 errors
Compiling...
Compiled with warnings.

[eslint]
src/App.js
  Line 26:7:     'Storage' is assigned a value but never used                                                                                                                                                                                                                     no-unused-vars
  Line 508:9:    'logoUrl' is assigned a value but never used                                                                                                                                                                                                                     no-unused-vars
  Line 593:10:   'LandingPage' is defined but never used                                                                                                                                                                                                                          no-unused-vars
  Line 793:6:    React Hook useEffect has missing dependencies: 'currentUser' and 'loadData'. Either include them or remove the dependency array                                                                                                                                  react-hooks/exhaustive-deps
  Line 1527:6:   React Hook useEffect has missing dependencies: 'loadBookmarks' and 'onRequireAuth'. Either include them or remove the dependency array. If 'onRequireAuth' changes too often, find the parent component that defines it and wrap that definition in useCallback  react-hooks/exhaustive-deps
  Line 1651:6:   React Hook useEffect has missing dependencies: 'loadConversationHistory' and 'seedInitialData'. Either include them or remove the dependency array                                                                                                               react-hooks/exhaustive-deps
  Line 1678:18:  'saveConversation' is defined but never used                                                                                                                                                                                                                     no-unused-vars
  Line 1891:16:  'searchLocalEntities' is defined but never used                                                                                                                                                                                                                  no-unused-vars
  Line 1922:18:  'searchWithClaudeAndAdd' is defined but never used                                                                                                                                                                                                               no-unused-vars
  Line 2749:6:   React Hook useEffect has a missing dependency: 'loadAllEntities'. Either include it or remove the dependency array                                                                                                                                               react-hooks/exhaustive-deps

Search for the keywords to learn more about each warning.
To ignore, add // eslint-disable-next-line to the line before.

WARNING in [eslint]
src/App.js
  Line 26:7:     'Storage' is assigned a value but never used                                                                                                                                                                                                                     no-unused-vars
  Line 508:9:    'logoUrl' is assigned a value but never used                                                                                                                                                                                                                     no-unused-vars
  Line 593:10:   'LandingPage' is defined but never used                                                                                                                                                                                                                          no-unused-vars
  Line 793:6:    React Hook useEffect has missing dependencies: 'currentUser' and 'loadData'. Either include them or remove the dependency array                                                                                                                                  react-hooks/exhaustive-deps
  Line 1527:6:   React Hook useEffect has missing dependencies: 'loadBookmarks' and 'onRequireAuth'. Either include them or remove the dependency array. If 'onRequireAuth' changes too often, find the parent component that defines it and wrap that definition in useCallback  react-hooks/exhaustive-deps
  Line 1651:6:   React Hook useEffect has missing dependencies: 'loadConversationHistory' and 'seedInitialData'. Either include them or remove the dependency array                                                                                                               react-hooks/exhaustive-deps
  Line 1678:18:  'saveConversation' is defined but never used                                                                                                                                                                                                                     no-unused-vars
  Line 1891:16:  'searchLocalEntities' is defined but never used                                                                                                                                                                                                                  no-unused-vars
  Line 1922:18:  'searchWithClaudeAndAdd' is defined but never used                                                                                                                                                                                                               no-unused-vars
  Line 2749:6:   React Hook useEffect has a missing dependency: 'loadAllEntities'. Either include it or remove the dependency array                                                                                                                                               react-hooks/exhaustive-deps

webpack compiled with 1 warning
